\BOOKMARK [0][-]{chapter.1}{\376\377\0001\000\040\000N\000a\000m\000e\000s\000p\000a\000c\000e\000\040\000I\000n\000d\000e\000x}{}% 1
\BOOKMARK [1][-]{section.1.1}{\376\377\0001\000.\0001\000\040\000P\000a\000c\000k\000a\000g\000e\000\040\000L\000i\000s\000t}{chapter.1}% 2
\BOOKMARK [0][-]{chapter.2}{\376\377\0002\000\040\000C\000l\000a\000s\000s\000\040\000I\000n\000d\000e\000x}{}% 3
\BOOKMARK [1][-]{section.2.1}{\376\377\0002\000.\0001\000\040\000C\000l\000a\000s\000s\000\040\000L\000i\000s\000t}{chapter.2}% 4
\BOOKMARK [0][-]{chapter.3}{\376\377\0003\000\040\000F\000i\000l\000e\000\040\000I\000n\000d\000e\000x}{}% 5
\BOOKMARK [1][-]{section.3.1}{\376\377\0003\000.\0001\000\040\000F\000i\000l\000e\000\040\000L\000i\000s\000t}{chapter.3}% 6
\BOOKMARK [0][-]{chapter.4}{\376\377\0004\000\040\000N\000a\000m\000e\000s\000p\000a\000c\000e\000\040\000D\000o\000c\000u\000m\000e\000n\000t\000a\000t\000i\000o\000n}{}% 7
\BOOKMARK [1][-]{section.4.1}{\376\377\0004\000.\0001\000\040\000p\000r\000o\000v\000a\000\137\000i\000n\000g\000r\000e\000s\000s\000o\000\137\0002\0000\0002\0002\000\040\000N\000a\000m\000e\000s\000p\000a\000c\000e\000\040\000R\000e\000f\000e\000r\000e\000n\000c\000e}{chapter.4}% 8
\BOOKMARK [0][-]{chapter.5}{\376\377\0005\000\040\000C\000l\000a\000s\000s\000\040\000D\000o\000c\000u\000m\000e\000n\000t\000a\000t\000i\000o\000n}{}% 9
\BOOKMARK [1][-]{section.5.1}{\376\377\0005\000.\0001\000\040\000p\000r\000o\000v\000a\000\137\000i\000n\000g\000r\000e\000s\000s\000o\000\137\0002\0000\0002\0002\000.\000B\000o\000l\000l\000e\000t\000t\000a\000\040\000C\000l\000a\000s\000s\000\040\000R\000e\000f\000e\000r\000e\000n\000c\000e}{chapter.5}% 10
\BOOKMARK [2][-]{subsection.5.1.1}{\376\377\0005\000.\0001\000.\0001\000\040\000D\000e\000t\000a\000i\000l\000e\000d\000\040\000D\000e\000s\000c\000r\000i\000p\000t\000i\000o\000n}{section.5.1}% 11
\BOOKMARK [2][-]{subsection.5.1.2}{\376\377\0005\000.\0001\000.\0002\000\040\000C\000o\000n\000s\000t\000r\000u\000c\000t\000o\000r\000\040\000\046\000\040\000D\000e\000s\000t\000r\000u\000c\000t\000o\000r\000\040\000D\000o\000c\000u\000m\000e\000n\000t\000a\000t\000i\000o\000n}{section.5.1}% 12
\BOOKMARK [3][-]{subsubsection.5.1.2.1}{\376\377\0005\000.\0001\000.\0002\000.\0001\000\040\000B\000o\000l\000l\000e\000t\000t\000a\000\050\000\051}{subsection.5.1.2}% 13
\BOOKMARK [2][-]{subsection.5.1.3}{\376\377\0005\000.\0001\000.\0003\000\040\000M\000e\000m\000b\000e\000r\000\040\000F\000u\000n\000c\000t\000i\000o\000n\000\040\000D\000o\000c\000u\000m\000e\000n\000t\000a\000t\000i\000o\000n}{section.5.1}% 14
\BOOKMARK [3][-]{subsubsection.5.1.3.1}{\376\377\0005\000.\0001\000.\0003\000.\0001\000\040\000C\000a\000l\000c\000o\000l\000o\000C\000o\000s\000t\000o\000B\000o\000l\000l\000e\000t\000t\000a\000\050\000\051}{subsection.5.1.3}% 15
\BOOKMARK [3][-]{subsubsection.5.1.3.2}{\376\377\0005\000.\0001\000.\0003\000.\0002\000\040\000G\000e\000t\000O\000n\000e\000r\000i\000S\000i\000s\000t\000e\000m\000a\000\050\000\051}{subsection.5.1.3}% 16
\BOOKMARK [3][-]{subsubsection.5.1.3.3}{\376\377\0005\000.\0001\000.\0003\000.\0003\000\040\000G\000e\000t\000Q\000V\000D\000\050\000\051}{subsection.5.1.3}% 17
\BOOKMARK [3][-]{subsubsection.5.1.3.4}{\376\377\0005\000.\0001\000.\0003\000.\0004\000\040\000G\000e\000t\000S\000p\000e\000s\000a\000M\000a\000t\000e\000r\000i\000a\000\050\000\051}{subsection.5.1.3}% 18
\BOOKMARK [3][-]{subsubsection.5.1.3.5}{\376\377\0005\000.\0001\000.\0003\000.\0005\000\040\000G\000e\000t\000S\000p\000e\000s\000a\000T\000r\000a\000s\000p\000o\000r\000t\000o\000G\000e\000s\000t\000i\000o\000n\000e\000C\000o\000n\000t\000a\000t\000o\000r\000e\000\050\000\051}{subsection.5.1.3}% 19
\BOOKMARK [3][-]{subsubsection.5.1.3.6}{\376\377\0005\000.\0001\000.\0003\000.\0006\000\040\000G\000e\000t\000T\000i\000p\000o\000M\000a\000t\000e\000r\000i\000a\000\050\000\051}{subsection.5.1.3}% 20
\BOOKMARK [3][-]{subsubsection.5.1.3.7}{\376\377\0005\000.\0001\000.\0003\000.\0007\000\040\000N\000u\000o\000v\000a\000B\000o\000l\000l\000e\000t\000t\000a\000\050\000\051}{subsection.5.1.3}% 21
\BOOKMARK [3][-]{subsubsection.5.1.3.8}{\376\377\0005\000.\0001\000.\0003\000.\0008\000\040\000T\000o\000S\000t\000r\000i\000n\000g\000\050\000\051}{subsection.5.1.3}% 22
\BOOKMARK [2][-]{subsection.5.1.4}{\376\377\0005\000.\0001\000.\0004\000\040\000P\000r\000o\000p\000e\000r\000t\000y\000\040\000D\000o\000c\000u\000m\000e\000n\000t\000a\000t\000i\000o\000n}{section.5.1}% 23
\BOOKMARK [3][-]{subsubsection.5.1.4.1}{\376\377\0005\000.\0001\000.\0004\000.\0001\000\040\000o\000n\000e\000r\000i\000S\000i\000s\000t\000e\000m\000a}{subsection.5.1.4}% 24
\BOOKMARK [3][-]{subsubsection.5.1.4.2}{\376\377\0005\000.\0001\000.\0004\000.\0002\000\040\000Q\000V\000D}{subsection.5.1.4}% 25
\BOOKMARK [3][-]{subsubsection.5.1.4.3}{\376\377\0005\000.\0001\000.\0004\000.\0003\000\040\000s\000p\000e\000s\000a\000M\000a\000t\000e\000r\000i\000a}{subsection.5.1.4}% 26
\BOOKMARK [3][-]{subsubsection.5.1.4.4}{\376\377\0005\000.\0001\000.\0004\000.\0004\000\040\000s\000p\000e\000s\000a\000T\000r\000a\000s\000p\000o\000r\000t\000o\000G\000e\000s\000t\000i\000o\000n\000e\000C\000o\000n\000t\000a\000t\000o\000r\000e}{subsection.5.1.4}% 27
\BOOKMARK [3][-]{subsubsection.5.1.4.5}{\376\377\0005\000.\0001\000.\0004\000.\0005\000\040\000t\000i\000p\000o\000M\000a\000t\000e\000r\000i\000a}{subsection.5.1.4}% 28
\BOOKMARK [1][-]{section.5.2}{\376\377\0005\000.\0002\000\040\000p\000r\000o\000v\000a\000\137\000i\000n\000g\000r\000e\000s\000s\000o\000\137\0002\0000\0002\0002\000.\000O\000p\000e\000r\000a\000z\000i\000o\000n\000i\000F\000i\000l\000e\000\040\000C\000l\000a\000s\000s\000\040\000R\000e\000f\000e\000r\000e\000n\000c\000e}{chapter.5}% 29
\BOOKMARK [2][-]{subsection.5.2.1}{\376\377\0005\000.\0002\000.\0001\000\040\000D\000e\000t\000a\000i\000l\000e\000d\000\040\000D\000e\000s\000c\000r\000i\000p\000t\000i\000o\000n}{section.5.2}% 30
\BOOKMARK [2][-]{subsection.5.2.2}{\376\377\0005\000.\0002\000.\0002\000\040\000C\000o\000n\000s\000t\000r\000u\000c\000t\000o\000r\000\040\000\046\000\040\000D\000e\000s\000t\000r\000u\000c\000t\000o\000r\000\040\000D\000o\000c\000u\000m\000e\000n\000t\000a\000t\000i\000o\000n}{section.5.2}% 31
\BOOKMARK [3][-]{subsubsection.5.2.2.1}{\376\377\0005\000.\0002\000.\0002\000.\0001\000\040\000O\000p\000e\000r\000a\000z\000i\000o\000n\000i\000F\000i\000l\000e\000\050\000\051}{subsection.5.2.2}% 32
\BOOKMARK [2][-]{subsection.5.2.3}{\376\377\0005\000.\0002\000.\0003\000\040\000M\000e\000m\000b\000e\000r\000\040\000F\000u\000n\000c\000t\000i\000o\000n\000\040\000D\000o\000c\000u\000m\000e\000n\000t\000a\000t\000i\000o\000n}{section.5.2}% 33
\BOOKMARK [3][-]{subsubsection.5.2.3.1}{\376\377\0005\000.\0002\000.\0003\000.\0001\000\040\000C\000r\000e\000a\000C\000a\000r\000t\000e\000l\000l\000a\000\050\000\051}{subsection.5.2.3}% 34
\BOOKMARK [3][-]{subsubsection.5.2.3.2}{\376\377\0005\000.\0002\000.\0003\000.\0002\000\040\000E\000l\000i\000m\000i\000n\000a\000F\000i\000l\000e\000\050\000\051}{subsection.5.2.3}% 35
\BOOKMARK [3][-]{subsubsection.5.2.3.3}{\376\377\0005\000.\0002\000.\0003\000.\0003\000\040\000L\000e\000g\000g\000i\000F\000i\000l\000e\000\050\000\051}{subsection.5.2.3}% 36
\BOOKMARK [3][-]{subsubsection.5.2.3.4}{\376\377\0005\000.\0002\000.\0003\000.\0004\000\040\000M\000e\000s\000s\000a\000g\000g\000i\000E\000r\000r\000o\000r\000e\000\050\000\051}{subsection.5.2.3}% 37
\BOOKMARK [3][-]{subsubsection.5.2.3.5}{\376\377\0005\000.\0002\000.\0003\000.\0005\000\040\000S\000c\000r\000i\000v\000i\000F\000i\000l\000e\000\050\000\051}{subsection.5.2.3}% 38
\BOOKMARK [1][-]{section.5.3}{\376\377\0005\000.\0003\000\040\000p\000r\000o\000v\000a\000\137\000i\000n\000g\000r\000e\000s\000s\000o\000\137\0002\0000\0002\0002\000.\000P\000r\000o\000g\000r\000a\000m\000\040\000C\000l\000a\000s\000s\000\040\000R\000e\000f\000e\000r\000e\000n\000c\000e}{chapter.5}% 39
\BOOKMARK [2][-]{subsection.5.3.1}{\376\377\0005\000.\0003\000.\0001\000\040\000D\000e\000t\000a\000i\000l\000e\000d\000\040\000D\000e\000s\000c\000r\000i\000p\000t\000i\000o\000n}{section.5.3}% 40
\BOOKMARK [1][-]{section.5.4}{\376\377\0005\000.\0004\000\040\000p\000r\000o\000v\000a\000\137\000i\000n\000g\000r\000e\000s\000s\000o\000\137\0002\0000\0002\0002\000.\000S\000i\000s\000t\000e\000m\000a\000R\000i\000s\000c\000a\000l\000d\000a\000m\000e\000n\000t\000o\000\040\000C\000l\000a\000s\000s\000\040\000R\000e\000f\000e\000r\000e\000n\000c\000e}{chapter.5}% 41
\BOOKMARK [2][-]{subsection.5.4.1}{\376\377\0005\000.\0004\000.\0001\000\040\000D\000e\000t\000a\000i\000l\000e\000d\000\040\000D\000e\000s\000c\000r\000i\000p\000t\000i\000o\000n}{section.5.4}% 42
\BOOKMARK [2][-]{subsection.5.4.2}{\376\377\0005\000.\0004\000.\0002\000\040\000C\000o\000n\000s\000t\000r\000u\000c\000t\000o\000r\000\040\000\046\000\040\000D\000e\000s\000t\000r\000u\000c\000t\000o\000r\000\040\000D\000o\000c\000u\000m\000e\000n\000t\000a\000t\000i\000o\000n}{section.5.4}% 43
\BOOKMARK [3][-]{subsubsection.5.4.2.1}{\376\377\0005\000.\0004\000.\0002\000.\0001\000\040\000S\000i\000s\000t\000e\000m\000a\000R\000i\000s\000c\000a\000l\000d\000a\000m\000e\000n\000t\000o\000\050\000\051}{subsection.5.4.2}% 44
\BOOKMARK [2][-]{subsection.5.4.3}{\376\377\0005\000.\0004\000.\0003\000\040\000M\000e\000m\000b\000e\000r\000\040\000F\000u\000n\000c\000t\000i\000o\000n\000\040\000D\000o\000c\000u\000m\000e\000n\000t\000a\000t\000i\000o\000n}{section.5.4}% 45
\BOOKMARK [3][-]{subsubsection.5.4.3.1}{\376\377\0005\000.\0004\000.\0003\000.\0001\000\040\000G\000e\000t\000C\000o\000s\000t\000o\000I\000n\000s\000t\000a\000l\000l\000a\000z\000i\000o\000n\000e\000\050\000\051}{subsection.5.4.3}% 46
\BOOKMARK [3][-]{subsubsection.5.4.3.2}{\376\377\0005\000.\0004\000.\0003\000.\0002\000\040\000G\000e\000t\000C\000o\000s\000t\000o\000M\000a\000c\000c\000h\000i\000n\000a\000\050\000\051}{subsection.5.4.3}% 47
\BOOKMARK [3][-]{subsubsection.5.4.3.3}{\376\377\0005\000.\0004\000.\0003\000.\0003\000\040\000G\000e\000t\000F\000o\000n\000t\000e\000R\000i\000s\000c\000a\000l\000d\000a\000m\000e\000n\000t\000o\000\050\000\051}{subsection.5.4.3}% 48
\BOOKMARK [3][-]{subsubsection.5.4.3.4}{\376\377\0005\000.\0004\000.\0003\000.\0004\000\040\000G\000e\000t\000N\000o\000m\000e\000\050\000\051}{subsection.5.4.3}% 49
\BOOKMARK [3][-]{subsubsection.5.4.3.5}{\376\377\0005\000.\0004\000.\0003\000.\0005\000\040\000G\000e\000t\000R\000e\000n\000d\000i\000m\000e\000n\000t\000o\000\050\000\051}{subsection.5.4.3}% 50
\BOOKMARK [3][-]{subsubsection.5.4.3.6}{\376\377\0005\000.\0004\000.\0003\000.\0006\000\040\000G\000e\000t\000T\000i\000p\000o\000\050\000\051}{subsection.5.4.3}% 51
\BOOKMARK [3][-]{subsubsection.5.4.3.7}{\376\377\0005\000.\0004\000.\0003\000.\0007\000\040\000N\000u\000o\000v\000o\000S\000i\000s\000t\000e\000m\000a\000R\000i\000s\000c\000a\000l\000d\000a\000m\000e\000n\000t\000o\000\050\000\051}{subsection.5.4.3}% 52
\BOOKMARK [3][-]{subsubsection.5.4.3.8}{\376\377\0005\000.\0004\000.\0003\000.\0008\000\040\000T\000o\000S\000t\000r\000i\000n\000g\000\050\000\051}{subsection.5.4.3}% 53
\BOOKMARK [2][-]{subsection.5.4.4}{\376\377\0005\000.\0004\000.\0004\000\040\000P\000r\000o\000p\000e\000r\000t\000y\000\040\000D\000o\000c\000u\000m\000e\000n\000t\000a\000t\000i\000o\000n}{section.5.4}% 54
\BOOKMARK [3][-]{subsubsection.5.4.4.1}{\376\377\0005\000.\0004\000.\0004\000.\0001\000\040\000c\000o\000s\000t\000o\000I\000n\000s\000t\000a\000l\000l\000a\000z\000i\000o\000n\000e}{subsection.5.4.4}% 55
\BOOKMARK [3][-]{subsubsection.5.4.4.2}{\376\377\0005\000.\0004\000.\0004\000.\0002\000\040\000c\000o\000s\000t\000o\000M\000a\000c\000c\000h\000i\000n\000a}{subsection.5.4.4}% 56
\BOOKMARK [3][-]{subsubsection.5.4.4.3}{\376\377\0005\000.\0004\000.\0004\000.\0003\000\040\000f\000o\000n\000t\000e\000R\000i\000s\000c\000a\000l\000d\000a\000m\000e\000n\000t\000o}{subsection.5.4.4}% 57
\BOOKMARK [3][-]{subsubsection.5.4.4.4}{\376\377\0005\000.\0004\000.\0004\000.\0004\000\040\000n\000o\000m\000e}{subsection.5.4.4}% 58
\BOOKMARK [3][-]{subsubsection.5.4.4.5}{\376\377\0005\000.\0004\000.\0004\000.\0005\000\040\000r\000e\000n\000d\000i\000m\000e\000n\000t\000o}{subsection.5.4.4}% 59
\BOOKMARK [3][-]{subsubsection.5.4.4.6}{\376\377\0005\000.\0004\000.\0004\000.\0006\000\040\000t\000i\000p\000o}{subsection.5.4.4}% 60
\BOOKMARK [0][-]{chapter.6}{\376\377\0006\000\040\000F\000i\000l\000e\000\040\000D\000o\000c\000u\000m\000e\000n\000t\000a\000t\000i\000o\000n}{}% 61
\BOOKMARK [1][-]{section.6.1}{\376\377\0006\000.\0001\000\040\000D\000:\000/\000S\000c\000u\000o\000l\000a\000/\000S\000e\000c\000o\000n\000d\000a\000r\000i\000a\000\040\000d\000i\000\040\000S\000e\000c\000o\000n\000d\000o\000\040\000G\000r\000a\000d\000o\000/\000V\000\040\000F\000\040\000A\000.\000S\000.\000\040\0002\0000\0002\0002\000-\0002\0000\0002\0003\000/\000I\000n\000f\000o\000r\000m\000a\000t\000i\000c\000a\000/\000P\000r\000o\000v\000a\000\137\000i\000n\000g\000r\000e\000s\000s\000o\000\137\000i\000n\000f\000o\000r\000m\000a\000t\000i\000c\000a\000/\000p\000r\000o\000v\000a\000\137\000i\000n\000g\000r\000e\000s\000s\000o\000\137\0002\0000\0002\0002\000/\000p\000r\000o\000v\000a\000\137\000i\000n\000g\000r\000e\000s\000s\000o\000\137\0002\0000\0002\0002\000/\000B\000o\000l\000l\000e\000t\000t\000a\000.\000c\000s\000\040\000F\000i\000l\000e\000\040\000R\000e\000f\000e\000r\000e\000n\000c\000e}{chapter.6}% 62
\BOOKMARK [1][-]{section.6.2}{\376\377\0006\000.\0002\000\040\000D\000:\000/\000S\000c\000u\000o\000l\000a\000/\000S\000e\000c\000o\000n\000d\000a\000r\000i\000a\000\040\000d\000i\000\040\000S\000e\000c\000o\000n\000d\000o\000\040\000G\000r\000a\000d\000o\000/\000V\000\040\000F\000\040\000A\000.\000S\000.\000\040\0002\0000\0002\0002\000-\0002\0000\0002\0003\000/\000I\000n\000f\000o\000r\000m\000a\000t\000i\000c\000a\000/\000P\000r\000o\000v\000a\000\137\000i\000n\000g\000r\000e\000s\000s\000o\000\137\000i\000n\000f\000o\000r\000m\000a\000t\000i\000c\000a\000/\000p\000r\000o\000v\000a\000\137\000i\000n\000g\000r\000e\000s\000s\000o\000\137\0002\0000\0002\0002\000/\000p\000r\000o\000v\000a\000\137\000i\000n\000g\000r\000e\000s\000s\000o\000\137\0002\0000\0002\0002\000/\000o\000b\000j\000/\000D\000e\000b\000u\000g\000/\000n\000e\000t\0005\000.\0000\000/\000.\000N\000E\000T\000C\000o\000r\000e\000A\000p\000p\000,\000V\000e\000r\000s\000i\000o\000n\000=\000v\0005\000.\0000\000.\000A\000s\000s\000e\000m\000b\000l\000y\000A\000t\000t\000r\000i\000b\000u\000t\000e\000s\000.\000c\000s\000\040\000F\000i\000l\000e\000\040\000R\000e\000f\000e\000r\000e\000n\000c\000e}{chapter.6}% 63
\BOOKMARK [1][-]{section.6.3}{\376\377\0006\000.\0003\000\040\000D\000:\000/\000S\000c\000u\000o\000l\000a\000/\000S\000e\000c\000o\000n\000d\000a\000r\000i\000a\000\040\000d\000i\000\040\000S\000e\000c\000o\000n\000d\000o\000\040\000G\000r\000a\000d\000o\000/\000V\000\040\000F\000\040\000A\000.\000S\000.\000\040\0002\0000\0002\0002\000-\0002\0000\0002\0003\000/\000I\000n\000f\000o\000r\000m\000a\000t\000i\000c\000a\000/\000P\000r\000o\000v\000a\000\137\000i\000n\000g\000r\000e\000s\000s\000o\000\137\000i\000n\000f\000o\000r\000m\000a\000t\000i\000c\000a\000/\000p\000r\000o\000v\000a\000\137\000i\000n\000g\000r\000e\000s\000s\000o\000\137\0002\0000\0002\0002\000/\000p\000r\000o\000v\000a\000\137\000i\000n\000g\000r\000e\000s\000s\000o\000\137\0002\0000\0002\0002\000/\000o\000b\000j\000/\000D\000e\000b\000u\000g\000/\000n\000e\000t\0005\000.\0000\000/\000p\000r\000o\000v\000a\000\137\000i\000n\000g\000r\000e\000s\000s\000o\000\137\0002\0000\0002\0002\000.\000A\000s\000s\000e\000m\000b\000l\000y\000I\000n\000f\000o\000.\000c\000s\000\040\000F\000i\000l\000e\000\040\000R\000e\000f\000e\000r\000e\000n\000c\000e}{chapter.6}% 64
\BOOKMARK [1][-]{section.6.4}{\376\377\0006\000.\0004\000\040\000D\000:\000/\000S\000c\000u\000o\000l\000a\000/\000S\000e\000c\000o\000n\000d\000a\000r\000i\000a\000\040\000d\000i\000\040\000S\000e\000c\000o\000n\000d\000o\000\040\000G\000r\000a\000d\000o\000/\000V\000\040\000F\000\040\000A\000.\000S\000.\000\040\0002\0000\0002\0002\000-\0002\0000\0002\0003\000/\000I\000n\000f\000o\000r\000m\000a\000t\000i\000c\000a\000/\000P\000r\000o\000v\000a\000\137\000i\000n\000g\000r\000e\000s\000s\000o\000\137\000i\000n\000f\000o\000r\000m\000a\000t\000i\000c\000a\000/\000p\000r\000o\000v\000a\000\137\000i\000n\000g\000r\000e\000s\000s\000o\000\137\0002\0000\0002\0002\000/\000p\000r\000o\000v\000a\000\137\000i\000n\000g\000r\000e\000s\000s\000o\000\137\0002\0000\0002\0002\000/\000O\000p\000e\000r\000a\000z\000i\000o\000n\000i\000F\000i\000l\000e\000.\000c\000s\000\040\000F\000i\000l\000e\000\040\000R\000e\000f\000e\000r\000e\000n\000c\000e}{chapter.6}% 65
\BOOKMARK [1][-]{section.6.5}{\376\377\0006\000.\0005\000\040\000D\000:\000/\000S\000c\000u\000o\000l\000a\000/\000S\000e\000c\000o\000n\000d\000a\000r\000i\000a\000\040\000d\000i\000\040\000S\000e\000c\000o\000n\000d\000o\000\040\000G\000r\000a\000d\000o\000/\000V\000\040\000F\000\040\000A\000.\000S\000.\000\040\0002\0000\0002\0002\000-\0002\0000\0002\0003\000/\000I\000n\000f\000o\000r\000m\000a\000t\000i\000c\000a\000/\000P\000r\000o\000v\000a\000\137\000i\000n\000g\000r\000e\000s\000s\000o\000\137\000i\000n\000f\000o\000r\000m\000a\000t\000i\000c\000a\000/\000p\000r\000o\000v\000a\000\137\000i\000n\000g\000r\000e\000s\000s\000o\000\137\0002\0000\0002\0002\000/\000p\000r\000o\000v\000a\000\137\000i\000n\000g\000r\000e\000s\000s\000o\000\137\0002\0000\0002\0002\000/\000P\000r\000o\000g\000r\000a\000m\000.\000c\000s\000\040\000F\000i\000l\000e\000\040\000R\000e\000f\000e\000r\000e\000n\000c\000e}{chapter.6}% 66
\BOOKMARK [1][-]{section.6.6}{\376\377\0006\000.\0006\000\040\000D\000:\000/\000S\000c\000u\000o\000l\000a\000/\000S\000e\000c\000o\000n\000d\000a\000r\000i\000a\000\040\000d\000i\000\040\000S\000e\000c\000o\000n\000d\000o\000\040\000G\000r\000a\000d\000o\000/\000V\000\040\000F\000\040\000A\000.\000S\000.\000\040\0002\0000\0002\0002\000-\0002\0000\0002\0003\000/\000I\000n\000f\000o\000r\000m\000a\000t\000i\000c\000a\000/\000P\000r\000o\000v\000a\000\137\000i\000n\000g\000r\000e\000s\000s\000o\000\137\000i\000n\000f\000o\000r\000m\000a\000t\000i\000c\000a\000/\000p\000r\000o\000v\000a\000\137\000i\000n\000g\000r\000e\000s\000s\000o\000\137\0002\0000\0002\0002\000/\000p\000r\000o\000v\000a\000\137\000i\000n\000g\000r\000e\000s\000s\000o\000\137\0002\0000\0002\0002\000/\000S\000i\000s\000t\000e\000m\000a\000R\000i\000s\000c\000a\000l\000d\000a\000m\000e\000n\000t\000o\000.\000c\000s\000\040\000F\000i\000l\000e\000\040\000R\000e\000f\000e\000r\000e\000n\000c\000e}{chapter.6}% 67
\BOOKMARK [0][-]{section*.15}{\376\377\000I\000n\000d\000e\000x}{}% 68
